C:\Classes\COMP308\Examples\2018\Week7\FirstAngularApplication\FirstAngularApplication\public\app\about.component.js
C:\Classes\COMP308\Examples\2018\Week7\FirstAngularApplication\FirstAngularApplication\public\app\about.component.js.map
C:\Classes\COMP308\Examples\2018\Week7\FirstAngularApplication\FirstAngularApplication\public\app\sample\sample.component.js
C:\Classes\COMP308\Examples\2018\Week7\FirstAngularApplication\FirstAngularApplication\public\app\sample\sample.component.js.map
C:\Classes\COMP308\Examples\2018\Week7\FirstAngularApplication\FirstAngularApplication\public\app\example.service.js
C:\Classes\COMP308\Examples\2018\Week7\FirstAngularApplication\FirstAngularApplication\public\app\example.service.js.map
C:\Classes\COMP308\Examples\2018\Week7\FirstAngularApplication\FirstAngularApplication\public\app\app.component.js
C:\Classes\COMP308\Examples\2018\Week7\FirstAngularApplication\FirstAngularApplication\public\app\app.component.js.map
C:\Classes\COMP308\Examples\2018\Week7\FirstAngularApplication\FirstAngularApplication\public\app\app.routes.js
C:\Classes\COMP308\Examples\2018\Week7\FirstAngularApplication\FirstAngularApplication\public\app\app.routes.js.map
C:\Classes\COMP308\Examples\2018\Week7\FirstAngularApplication\FirstAngularApplication\public\app\app.module.js
C:\Classes\COMP308\Examples\2018\Week7\FirstAngularApplication\FirstAngularApplication\public\app\app.module.js.map
C:\Classes\COMP308\Examples\2018\Week7\FirstAngularApplication\FirstAngularApplication\public\app\bootstrap.js
C:\Classes\COMP308\Examples\2018\Week7\FirstAngularApplication\FirstAngularApplication\public\app\bootstrap.js.map
C:\Classes\COMP308\Examples\2018\Week7\FirstAngularApplication\FirstAngularApplication\public\app\about.component.js
C:\Classes\COMP308\Examples\2018\Week7\FirstAngularApplication\FirstAngularApplication\public\app\about.component.js.map
C:\Classes\COMP308\Examples\2018\Week7\FirstAngularApplication\FirstAngularApplication\public\app\sample\sample.component.js
C:\Classes\COMP308\Examples\2018\Week7\FirstAngularApplication\FirstAngularApplication\public\app\sample\sample.component.js.map
C:\Classes\COMP308\Examples\2018\Week7\FirstAngularApplication\FirstAngularApplication\public\app\example.service.js
C:\Classes\COMP308\Examples\2018\Week7\FirstAngularApplication\FirstAngularApplication\public\app\example.service.js.map
C:\Classes\COMP308\Examples\2018\Week7\FirstAngularApplication\FirstAngularApplication\public\app\app.component.js
C:\Classes\COMP308\Examples\2018\Week7\FirstAngularApplication\FirstAngularApplication\public\app\app.component.js.map
C:\Classes\COMP308\Examples\2018\Week7\FirstAngularApplication\FirstAngularApplication\public\app\app.routes.js
C:\Classes\COMP308\Examples\2018\Week7\FirstAngularApplication\FirstAngularApplication\public\app\app.routes.js.map
C:\Classes\COMP308\Examples\2018\Week7\FirstAngularApplication\FirstAngularApplication\public\app\app.module.js
C:\Classes\COMP308\Examples\2018\Week7\FirstAngularApplication\FirstAngularApplication\public\app\app.module.js.map
C:\Classes\COMP308\Examples\2018\Week7\FirstAngularApplication\FirstAngularApplication\public\app\bootstrap.js
C:\Classes\COMP308\Examples\2018\Week7\FirstAngularApplication\FirstAngularApplication\public\app\bootstrap.js.map
C:\Classes\COMP308\Examples\2018\Week7\FirstAngularApplication\FirstAngularApplication\public\app\about.component.js
C:\Classes\COMP308\Examples\2018\Week7\FirstAngularApplication\FirstAngularApplication\public\app\about.component.js.map
C:\Classes\COMP308\Examples\2018\Week7\FirstAngularApplication\FirstAngularApplication\public\app\sample\sample.component.js
C:\Classes\COMP308\Examples\2018\Week7\FirstAngularApplication\FirstAngularApplication\public\app\sample\sample.component.js.map
C:\Classes\COMP308\Examples\2018\Week7\FirstAngularApplication\FirstAngularApplication\public\app\example.service.js
C:\Classes\COMP308\Examples\2018\Week7\FirstAngularApplication\FirstAngularApplication\public\app\example.service.js.map
C:\Classes\COMP308\Examples\2018\Week7\FirstAngularApplication\FirstAngularApplication\public\app\app.component.js
C:\Classes\COMP308\Examples\2018\Week7\FirstAngularApplication\FirstAngularApplication\public\app\app.component.js.map
C:\Classes\COMP308\Examples\2018\Week7\FirstAngularApplication\FirstAngularApplication\public\app\app.routes.js
C:\Classes\COMP308\Examples\2018\Week7\FirstAngularApplication\FirstAngularApplication\public\app\app.routes.js.map
C:\Classes\COMP308\Examples\2018\Week7\FirstAngularApplication\FirstAngularApplication\public\app\app.module.js
C:\Classes\COMP308\Examples\2018\Week7\FirstAngularApplication\FirstAngularApplication\public\app\app.module.js.map
C:\Classes\COMP308\Examples\2018\Week7\FirstAngularApplication\FirstAngularApplication\public\app\bootstrap.js
C:\Classes\COMP308\Examples\2018\Week7\FirstAngularApplication\FirstAngularApplication\public\app\bootstrap.js.map
C:\Classes\COMP308\Examples\2018\Week7\FirstAngularApplication\FirstAngularApplication\public\app\about.component.js
C:\Classes\COMP308\Examples\2018\Week7\FirstAngularApplication\FirstAngularApplication\public\app\about.component.js.map
C:\Classes\COMP308\Examples\2018\Week7\FirstAngularApplication\FirstAngularApplication\public\app\sample\sample.component.js
C:\Classes\COMP308\Examples\2018\Week7\FirstAngularApplication\FirstAngularApplication\public\app\sample\sample.component.js.map
C:\Classes\COMP308\Examples\2018\Week7\FirstAngularApplication\FirstAngularApplication\public\app\example.service.js
C:\Classes\COMP308\Examples\2018\Week7\FirstAngularApplication\FirstAngularApplication\public\app\example.service.js.map
C:\Classes\COMP308\Examples\2018\Week7\FirstAngularApplication\FirstAngularApplication\public\app\app.component.js
C:\Classes\COMP308\Examples\2018\Week7\FirstAngularApplication\FirstAngularApplication\public\app\app.component.js.map
C:\Classes\COMP308\Examples\2018\Week7\FirstAngularApplication\FirstAngularApplication\public\app\app.routes.js
C:\Classes\COMP308\Examples\2018\Week7\FirstAngularApplication\FirstAngularApplication\public\app\app.routes.js.map
C:\Classes\COMP308\Examples\2018\Week7\FirstAngularApplication\FirstAngularApplication\public\app\app.module.js
C:\Classes\COMP308\Examples\2018\Week7\FirstAngularApplication\FirstAngularApplication\public\app\app.module.js.map
C:\Classes\COMP308\Examples\2018\Week7\FirstAngularApplication\FirstAngularApplication\public\app\bootstrap.js
C:\Classes\COMP308\Examples\2018\Week7\FirstAngularApplication\FirstAngularApplication\public\app\bootstrap.js.map
C:\Classes\COMP308\Examples\2018\Week7\FirstAngularApplication\FirstAngularApplication\public\app\about.component.js
C:\Classes\COMP308\Examples\2018\Week7\FirstAngularApplication\FirstAngularApplication\public\app\about.component.js.map
C:\Classes\COMP308\Examples\2018\Week7\FirstAngularApplication\FirstAngularApplication\public\app\sample\sample.component.js
C:\Classes\COMP308\Examples\2018\Week7\FirstAngularApplication\FirstAngularApplication\public\app\sample\sample.component.js.map
C:\Classes\COMP308\Examples\2018\Week7\FirstAngularApplication\FirstAngularApplication\public\app\example.service.js
C:\Classes\COMP308\Examples\2018\Week7\FirstAngularApplication\FirstAngularApplication\public\app\example.service.js.map
C:\Classes\COMP308\Examples\2018\Week7\FirstAngularApplication\FirstAngularApplication\public\app\app.component.js
C:\Classes\COMP308\Examples\2018\Week7\FirstAngularApplication\FirstAngularApplication\public\app\app.component.js.map
C:\Classes\COMP308\Examples\2018\Week7\FirstAngularApplication\FirstAngularApplication\public\app\app.routes.js
C:\Classes\COMP308\Examples\2018\Week7\FirstAngularApplication\FirstAngularApplication\public\app\app.routes.js.map
C:\Classes\COMP308\Examples\2018\Week7\FirstAngularApplication\FirstAngularApplication\public\app\app.module.js
C:\Classes\COMP308\Examples\2018\Week7\FirstAngularApplication\FirstAngularApplication\public\app\app.module.js.map
C:\Classes\COMP308\Examples\2018\Week7\FirstAngularApplication\FirstAngularApplication\public\app\bootstrap.js
C:\Classes\COMP308\Examples\2018\Week7\FirstAngularApplication\FirstAngularApplication\public\app\bootstrap.js.map
C:\Classes\COMP308\Examples\2018\Week7\FirstAngularApplication\FirstAngularApplication\public\app\about.component.js
C:\Classes\COMP308\Examples\2018\Week7\FirstAngularApplication\FirstAngularApplication\public\app\about.component.js.map
C:\Classes\COMP308\Examples\2018\Week7\FirstAngularApplication\FirstAngularApplication\public\app\sample\sample.component.js
C:\Classes\COMP308\Examples\2018\Week7\FirstAngularApplication\FirstAngularApplication\public\app\sample\sample.component.js.map
C:\Classes\COMP308\Examples\2018\Week7\FirstAngularApplication\FirstAngularApplication\public\app\example.service.js
C:\Classes\COMP308\Examples\2018\Week7\FirstAngularApplication\FirstAngularApplication\public\app\example.service.js.map
C:\Classes\COMP308\Examples\2018\Week7\FirstAngularApplication\FirstAngularApplication\public\app\app.component.js
C:\Classes\COMP308\Examples\2018\Week7\FirstAngularApplication\FirstAngularApplication\public\app\app.component.js.map
C:\Classes\COMP308\Examples\2018\Week7\FirstAngularApplication\FirstAngularApplication\public\app\app.routes.js
C:\Classes\COMP308\Examples\2018\Week7\FirstAngularApplication\FirstAngularApplication\public\app\app.routes.js.map
C:\Classes\COMP308\Examples\2018\Week7\FirstAngularApplication\FirstAngularApplication\public\app\app.module.js
C:\Classes\COMP308\Examples\2018\Week7\FirstAngularApplication\FirstAngularApplication\public\app\app.module.js.map
C:\Classes\COMP308\Examples\2018\Week7\FirstAngularApplication\FirstAngularApplication\public\app\bootstrap.js
C:\Classes\COMP308\Examples\2018\Week7\FirstAngularApplication\FirstAngularApplication\public\app\bootstrap.js.map
C:\Classes\COMP308\Examples\2018\Week7\FirstAngularApplication\FirstAngularApplication\public\app\about.component.js
C:\Classes\COMP308\Examples\2018\Week7\FirstAngularApplication\FirstAngularApplication\public\app\about.component.js.map
C:\Classes\COMP308\Examples\2018\Week7\FirstAngularApplication\FirstAngularApplication\public\app\sample\sample.component.js
C:\Classes\COMP308\Examples\2018\Week7\FirstAngularApplication\FirstAngularApplication\public\app\sample\sample.component.js.map
C:\Classes\COMP308\Examples\2018\Week7\FirstAngularApplication\FirstAngularApplication\public\app\example.service.js
C:\Classes\COMP308\Examples\2018\Week7\FirstAngularApplication\FirstAngularApplication\public\app\example.service.js.map
C:\Classes\COMP308\Examples\2018\Week7\FirstAngularApplication\FirstAngularApplication\public\app\app.component.js
C:\Classes\COMP308\Examples\2018\Week7\FirstAngularApplication\FirstAngularApplication\public\app\app.component.js.map
C:\Classes\COMP308\Examples\2018\Week7\FirstAngularApplication\FirstAngularApplication\public\app\app.routes.js
C:\Classes\COMP308\Examples\2018\Week7\FirstAngularApplication\FirstAngularApplication\public\app\app.routes.js.map
C:\Classes\COMP308\Examples\2018\Week7\FirstAngularApplication\FirstAngularApplication\public\app\app.module.js
C:\Classes\COMP308\Examples\2018\Week7\FirstAngularApplication\FirstAngularApplication\public\app\app.module.js.map
C:\Classes\COMP308\Examples\2018\Week7\FirstAngularApplication\FirstAngularApplication\public\app\bootstrap.js
C:\Classes\COMP308\Examples\2018\Week7\FirstAngularApplication\FirstAngularApplication\public\app\bootstrap.js.map
C:\Classes\COMP308\Examples\2018\Week7\FirstAngularApplication\FirstAngularApplication\public\app\about.component.js
C:\Classes\COMP308\Examples\2018\Week7\FirstAngularApplication\FirstAngularApplication\public\app\about.component.js.map
C:\Classes\COMP308\Examples\2018\Week7\FirstAngularApplication\FirstAngularApplication\public\app\sample\sample.component.js
C:\Classes\COMP308\Examples\2018\Week7\FirstAngularApplication\FirstAngularApplication\public\app\sample\sample.component.js.map
C:\Classes\COMP308\Examples\2018\Week7\FirstAngularApplication\FirstAngularApplication\public\app\example.service.js
C:\Classes\COMP308\Examples\2018\Week7\FirstAngularApplication\FirstAngularApplication\public\app\example.service.js.map
C:\Classes\COMP308\Examples\2018\Week7\FirstAngularApplication\FirstAngularApplication\public\app\app.component.js
C:\Classes\COMP308\Examples\2018\Week7\FirstAngularApplication\FirstAngularApplication\public\app\app.component.js.map
C:\Classes\COMP308\Examples\2018\Week7\FirstAngularApplication\FirstAngularApplication\public\app\app.routes.js
C:\Classes\COMP308\Examples\2018\Week7\FirstAngularApplication\FirstAngularApplication\public\app\app.routes.js.map
C:\Classes\COMP308\Examples\2018\Week7\FirstAngularApplication\FirstAngularApplication\public\app\app.module.js
C:\Classes\COMP308\Examples\2018\Week7\FirstAngularApplication\FirstAngularApplication\public\app\app.module.js.map
C:\Classes\COMP308\Examples\2018\Week7\FirstAngularApplication\FirstAngularApplication\public\app\bootstrap.js
C:\Classes\COMP308\Examples\2018\Week7\FirstAngularApplication\FirstAngularApplication\public\app\bootstrap.js.map
